time="2022-10-19T10:27:55+08:00" level=info msg="Logger initialized" func=DJ-Blog/pkg/logger.InitLogger file="D:/code/Goland/DJ-Blog/pkg/logger/logger.go:18"
time="2022-10-19T10:27:55+08:00" level=info msg="Template loaded" func=DJ-Blog/pkg/template.InitTemplate file="D:/code/Goland/DJ-Blog/pkg/template/template.go:12"
time="2022-10-20T09:39:27+08:00" level=info msg="Logger initialized" func=DJ-Blog/pkg/logger.InitLogger file="D:/code/Goland/DJ-Blog/pkg/logger/logger.go:19"
time="2022-10-20T09:39:27+08:00" level=info msg="Database connected" func=DJ-Blog/pkg/database.InitDB file="D:/code/Goland/DJ-Blog/pkg/database/database.go:38"
time="2022-10-20T09:39:27+08:00" level=info msg="Database migration success" func=DJ-Blog/boot.Initialize file="D:/code/Goland/DJ-Blog/boot/boot.go:22"
time="2022-10-20T09:39:27+08:00" level=info msg="Template loaded" func=DJ-Blog/pkg/template.InitTemplate file="D:/code/Goland/DJ-Blog/pkg/template/template.go:18"
time="2022-10-20T10:16:02+08:00" level=info msg="Logger initialized" func=DJ-Blog/pkg/logger.InitLogger file="D:/code/Goland/DJ-Blog/pkg/logger/logger.go:19"
time="2022-10-20T10:16:09+08:00" level=error msg="Database connection failed. Database name: dj_blog" func=DJ-Blog/pkg/database.InitDB file="D:/code/Goland/DJ-Blog/pkg/database/database.go:27"
time="2022-10-20T10:16:09+08:00" level=error msg="dsn root:123456@tcp(mysql:3306)/dj_blog?charset=utf8mb4&parseTime=True&loc=Local" func=DJ-Blog/pkg/database.InitDB file="D:/code/Goland/DJ-Blog/pkg/database/database.go:28"
time="2022-10-20T10:28:00+08:00" level=info msg="Logger initialized" func=DJ-Blog/pkg/logger.InitLogger file="D:/code/Goland/DJ-Blog/pkg/logger/logger.go:19"
time="2022-10-20T10:28:07+08:00" level=error msg="Database connection failed. Database name: dj_blog" func=DJ-Blog/pkg/database.InitDB file="D:/code/Goland/DJ-Blog/pkg/database/database.go:27"
time="2022-10-20T10:28:07+08:00" level=error msg="dsn root:123456@tcp(mysql)/dj_blog?charset=utf8mb4&parseTime=True&loc=Local" func=DJ-Blog/pkg/database.InitDB file="D:/code/Goland/DJ-Blog/pkg/database/database.go:28"
time="2022-10-20T10:46:11+08:00" level=info msg="Logger initialized" func=DJ-Blog/pkg/logger.InitLogger file="D:/code/Goland/DJ-Blog/pkg/logger/logger.go:19"
time="2022-10-20T10:46:11+08:00" level=error msg="Database connection failed. Database name: dj_blog" func=DJ-Blog/pkg/database.InitDB file="D:/code/Goland/DJ-Blog/pkg/database/database.go:28"
time="2022-10-20T10:46:11+08:00" level=error msg="dsn root:123456@tcp(localhost)/3306?charset=utf8mb4&parseTime=True&loc=Local%!(EXTRA string=dj_blog)" func=DJ-Blog/pkg/database.InitDB file="D:/code/Goland/DJ-Blog/pkg/database/database.go:29"
time="2022-10-20T10:46:35+08:00" level=info msg="Logger initialized" func=DJ-Blog/pkg/logger.InitLogger file="D:/code/Goland/DJ-Blog/pkg/logger/logger.go:19"
time="2022-10-20T10:46:35+08:00" level=error msg="Database connection failed. Database name: dj_blog" func=DJ-Blog/pkg/database.InitDB file="D:/code/Goland/DJ-Blog/pkg/database/database.go:28"
time="2022-10-20T10:46:35+08:00" level=error msg="dsn root:123456@tcp(localhost,3306)/dj_blog?charset=utf8mb4&parseTime=True&loc=Local" func=DJ-Blog/pkg/database.InitDB file="D:/code/Goland/DJ-Blog/pkg/database/database.go:29"
time="2022-10-20T10:46:51+08:00" level=info msg="Logger initialized" func=DJ-Blog/pkg/logger.InitLogger file="D:/code/Goland/DJ-Blog/pkg/logger/logger.go:19"
time="2022-10-20T10:46:51+08:00" level=info msg="Database connected" func=DJ-Blog/pkg/database.InitDB file="D:/code/Goland/DJ-Blog/pkg/database/database.go:39"
time="2022-10-20T10:46:51+08:00" level=info msg="Database migration success" func=DJ-Blog/boot.Initialize file="D:/code/Goland/DJ-Blog/boot/boot.go:22"
time="2022-10-20T10:46:51+08:00" level=info msg="Template loaded" func=DJ-Blog/pkg/template.InitTemplate file="D:/code/Goland/DJ-Blog/pkg/template/template.go:18"
time="2022-10-20T11:44:26+08:00" level=info msg="Logger initialized" func=DJ-Blog/pkg/logger.InitLogger file="D:/code/Goland/DJ-Blog/pkg/logger/logger.go:19"
time="2022-10-20T11:44:26+08:00" level=info msg="Database connected" func=DJ-Blog/pkg/database.InitDB file="D:/code/Goland/DJ-Blog/pkg/database/database.go:39"
time="2022-10-20T11:44:26+08:00" level=info msg="Database migration success" func=DJ-Blog/boot.Initialize file="D:/code/Goland/DJ-Blog/boot/boot.go:22"
time="2022-10-20T11:44:26+08:00" level=info msg="Template loaded" func=DJ-Blog/pkg/template.InitTemplate file="D:/code/Goland/DJ-Blog/pkg/template/template.go:18"
